TN:
SF:1. ejercicio1/ejercicio1.js
FN:2,sum
FNF:1
FNH:0
FNDA:0,sum
DA:3,0
DA:6,1
LF:2
LH:1
BRF:0
BRH:0
end_of_record
TN:
SF:2. arrays/array.js
FNF:0
FNH:0
DA:1,1
DA:5,1
DA:7,1
LF:3
LH:3
BRF:0
BRH:0
end_of_record
TN:
SF:3. operaciones/operaciones.js
FN:1,(anonymous_0)
FN:2,(anonymous_1)
FN:3,(anonymous_2)
FN:4,(anonymous_3)
FNF:4
FNH:4
FNDA:1,(anonymous_0)
FNDA:1,(anonymous_1)
FNDA:1,(anonymous_2)
FNDA:1,(anonymous_3)
DA:1,1
DA:2,1
DA:3,1
DA:4,1
DA:6,1
LF:5
LH:5
BRF:0
BRH:0
end_of_record
TN:
SF:4. lenguajes/lenguajes.js
FN:5,lenguajePagina
FNF:1
FNH:1
FNDA:3,lenguajePagina
DA:1,1
DA:2,1
DA:3,1
DA:6,3
DA:8,1
DA:10,1
DA:12,1
DA:16,0
DA:18,1
LF:9
LH:8
BRDA:6,0,0,1
BRDA:6,0,1,1
BRDA:6,0,2,1
BRF:3
BRH:3
end_of_record
TN:
SF:5. objectMapping/objectMapping.js
FN:9,getObjectDescription
FNF:1
FNH:1
FNDA:4,getObjectDescription
DA:3,1
DA:10,4
DA:11,2
DA:13,2
DA:16,1
LF:5
LH:5
BRDA:10,0,0,2
BRDA:10,0,1,2
BRF:2
BRH:2
end_of_record
TN:
SF:6. valoresNumericos/valoresNumericos.js
FN:1,(anonymous_0)
FN:3,(anonymous_1)
FN:9,(anonymous_2)
FN:10,(anonymous_3)
FN:13,(anonymous_4)
FN:14,(anonymous_5)
FN:17,(anonymous_6)
FN:25,(anonymous_7)
FNF:8
FNH:8
FNDA:3,(anonymous_0)
FNDA:7,(anonymous_1)
FNDA:3,(anonymous_2)
FNDA:11,(anonymous_3)
FNDA:3,(anonymous_4)
FNDA:10,(anonymous_5)
FNDA:26,(anonymous_6)
FNDA:4,(anonymous_7)
DA:1,1
DA:2,3
DA:3,3
DA:4,7
DA:6,3
DA:9,1
DA:10,11
DA:13,1
DA:14,10
DA:17,1
DA:18,26
DA:19,20
DA:20,18
DA:22,11
DA:25,1
DA:26,4
DA:29,1
LF:17
LH:17
BRDA:18,0,0,6
BRDA:18,0,1,20
BRDA:18,1,0,26
BRDA:18,1,1,21
BRDA:20,2,0,9
BRDA:20,2,1,9
BRF:6
BRH:6
end_of_record
